This is pdfTeX, Version 3.141592653-2.6-1.40.22 (TeX Live 2022/dev/Debian) (preloaded format=pdflatex 2024.3.16)  27 JUN 2024 11:31
entering extended mode
 restricted \write18 enabled.
 file:line:error style messages enabled.
 %&-line parsing enabled.
**/home/bryce/repositories/Bayesian-network/article.tex
(/home/bryce/repositories/Bayesian-network/article.tex
LaTeX2e <2021-11-15> patch level 1
L3 programming layer <2022-01-21> (/usr/share/texlive/texmf-dist/tex/latex/l3backend/l3backend-pdftex.def
File: l3backend-pdftex.def 2022-01-12 L3 backend support: PDF output (pdfTeX)
\l__color_backend_stack_int=\count185
\l__pdf_internal_box=\box50
) (./article.aux)
\openout1 = `article.aux'.

LaTeX Font Info:    Checking defaults for OML/cmm/m/it on input line 2.
LaTeX Font Info:    ... okay on input line 2.
LaTeX Font Info:    Checking defaults for OMS/cmsy/m/n on input line 2.
LaTeX Font Info:    ... okay on input line 2.
LaTeX Font Info:    Checking defaults for OT1/cmr/m/n on input line 2.
LaTeX Font Info:    ... okay on input line 2.
LaTeX Font Info:    Checking defaults for T1/cmr/m/n on input line 2.
LaTeX Font Info:    ... okay on input line 2.
LaTeX Font Info:    Checking defaults for TS1/cmr/m/n on input line 2.
LaTeX Font Info:    ... okay on input line 2.
LaTeX Font Info:    Checking defaults for OMX/cmex/m/n on input line 2.
LaTeX Font Info:    ... okay on input line 2.
LaTeX Font Info:    Checking defaults for U/cmr/m/n on input line 2.
LaTeX Font Info:    ... okay on input line 2.


/home/bryce/repositories/Bayesian-network/article.tex:2: LaTeX Error: The font size command \normalsize is not defined:
               there is probably something wrong with the class file.

See the LaTeX manual or LaTeX Companion for explanation.
Type  H <return>  for immediate help.
 ...                                              
                                                  
l.2 \begin{document}
                    
Your command was ignored.
Type  I <command> <return>  to replace it with another command,
or  <return>  to continue without it.


/home/bryce/repositories/Bayesian-network/article.tex:3: LaTeX Error: Can be used only in preamble.

See the LaTeX manual or LaTeX Companion for explanation.
Type  H <return>  for immediate help.
 ...                                              
                                                  
l.3 \documentclass
                  [12pt]{article}
Your command was ignored.
Type  I <command> <return>  to replace it with another command,
or  <return>  to continue without it.


/home/bryce/repositories/Bayesian-network/article.tex:4: LaTeX Error: Can be used only in preamble.

See the LaTeX manual or LaTeX Companion for explanation.
Type  H <return>  for immediate help.
 ...                                              
                                                  
l.4 \usepackage
               {graphicx}
Your command was ignored.
Type  I <command> <return>  to replace it with another command,
or  <return>  to continue without it.


/home/bryce/repositories/Bayesian-network/article.tex:5: LaTeX Error: Can be used only in preamble.

See the LaTeX manual or LaTeX Companion for explanation.
Type  H <return>  for immediate help.
 ...                                              
                                                  
l.5 \usepackage
               {booktabs}
Your command was ignored.
Type  I <command> <return>  to replace it with another command,
or  <return>  to continue without it.


/home/bryce/repositories/Bayesian-network/article.tex:6: LaTeX Error: Can be used only in preamble.

See the LaTeX manual or LaTeX Companion for explanation.
Type  H <return>  for immediate help.
 ...                                              
                                                  
l.6 \usepackage
               {listings}
Your command was ignored.
Type  I <command> <return>  to replace it with another command,
or  <return>  to continue without it.


/home/bryce/repositories/Bayesian-network/article.tex:7: LaTeX Error: Can be used only in preamble.

See the LaTeX manual or LaTeX Companion for explanation.
Type  H <return>  for immediate help.
 ...                                              
                                                  
l.7 \usepackage
               {xcolor}
Your command was ignored.
Type  I <command> <return>  to replace it with another command,
or  <return>  to continue without it.

/home/bryce/repositories/Bayesian-network/article.tex:9: Undefined control sequence.
l.9 \lstset
           {
The control sequence at the end of the top line
of your error message was never \def'ed. If you have
misspelled it (e.g., `\hobx'), type `I' and the correct
spelling (e.g., `I\hbox'). Otherwise just continue,
and I'll forget about whatever was undefined.

/home/bryce/repositories/Bayesian-network/article.tex:12: Undefined control sequence.
l.12   backgroundcolor=\color
                             {lightgray!20},
The control sequence at the end of the top line
of your error message was never \def'ed. If you have
misspelled it (e.g., `\hobx'), type `I' and the correct
spelling (e.g., `I\hbox'). Otherwise just continue,
and I'll forget about whatever was undefined.

/home/bryce/repositories/Bayesian-network/article.tex:13: Undefined control sequence.
l.13   keywordstyle=\color
                          {blue},
The control sequence at the end of the top line
of your error message was never \def'ed. If you have
misspelled it (e.g., `\hobx'), type `I' and the correct
spelling (e.g., `I\hbox'). Otherwise just continue,
and I'll forget about whatever was undefined.

/home/bryce/repositories/Bayesian-network/article.tex:14: Undefined control sequence.
l.14   commentstyle=\color
                          {gray},
The control sequence at the end of the top line
of your error message was never \def'ed. If you have
misspelled it (e.g., `\hobx'), type `I' and the correct
spelling (e.g., `I\hbox'). Otherwise just continue,
and I'll forget about whatever was undefined.

/home/bryce/repositories/Bayesian-network/article.tex:15: Undefined control sequence.
l.15   stringstyle=\color
                         {green},
The control sequence at the end of the top line
of your error message was never \def'ed. If you have
misspelled it (e.g., `\hobx'), type `I' and the correct
spelling (e.g., `I\hbox'). Otherwise just continue,
and I'll forget about whatever was undefined.

/home/bryce/repositories/Bayesian-network/article.tex:415: Undefined control sequence.
l.415 \section
              {Title}
The control sequence at the end of the top line
of your error message was never \def'ed. If you have
misspelled it (e.g., `\hobx'), type `I' and the correct
spelling (e.g., `I\hbox'). Otherwise just continue,
and I'll forget about whatever was undefined.

/home/bryce/repositories/Bayesian-network/article.tex:418: Undefined control sequence.
l.418 \section
              {Abstract}
The control sequence at the end of the top line
of your error message was never \def'ed. If you have
misspelled it (e.g., `\hobx'), type `I' and the correct
spelling (e.g., `I\hbox'). Otherwise just continue,
and I'll forget about whatever was undefined.

/home/bryce/repositories/Bayesian-network/article.tex:422: Undefined control sequence.
l.422 \section
              {Introduction}
The control sequence at the end of the top line
of your error message was never \def'ed. If you have
misspelled it (e.g., `\hobx'), type `I' and the correct
spelling (e.g., `I\hbox'). Otherwise just continue,
and I'll forget about whatever was undefined.

/home/bryce/repositories/Bayesian-network/article.tex:424: Undefined control sequence.
<write> ...: Citation `\@citeb ' on page \thepage 
                                                  \space undefined\on@line .
l.424 ...oEnvironmentalSustainabilityPrograms2014}
                                                  . This is especially true ...
The control sequence at the end of the top line
of your error message was never \def'ed. If you have
misspelled it (e.g., `\hobx'), type `I' and the correct
spelling (e.g., `I\hbox'). Otherwise just continue,
and I'll forget about whatever was undefined.


LaTeX Warning: Citation `baianoOverviewSustainabilityWine2021' on page  undefined on input line 424.

/home/bryce/repositories/Bayesian-network/article.tex:424: Undefined control sequence.
<write> ...: Citation `\@citeb ' on page \thepage 
                                                  \space undefined\on@line .
l.424 ...oEnvironmentalSustainabilityPrograms2014}
                                                  . This is especially true ...
The control sequence at the end of the top line
of your error message was never \def'ed. If you have
misspelled it (e.g., `\hobx'), type `I' and the correct
spelling (e.g., `I\hbox'). Otherwise just continue,
and I'll forget about whatever was undefined.


LaTeX Warning: Citation `corboEnvironmentalSustainabilityPrograms2014' on page  undefined on input line 424.

/home/bryce/repositories/Bayesian-network/article.tex:424: Undefined control sequence.
<write> ...: Citation `\@citeb ' on page \thepage 
                                                  \space undefined\on@line .
l.424 ...ility2018,ferraraLifeCycleAssessment2018}
                                                  . This study investigates ...
The control sequence at the end of the top line
of your error message was never \def'ed. If you have
misspelled it (e.g., `\hobx'), type `I' and the correct
spelling (e.g., `I\hbox'). Otherwise just continue,
and I'll forget about whatever was undefined.


LaTeX Warning: Citation `longbottomExploringLinksSustainability2018' on page  undefined on input line 424.

/home/bryce/repositories/Bayesian-network/article.tex:424: Undefined control sequence.
<write> ...: Citation `\@citeb ' on page \thepage 
                                                  \space undefined\on@line .
l.424 ...ility2018,ferraraLifeCycleAssessment2018}
                                                  . This study investigates ...
The control sequence at the end of the top line
of your error message was never \def'ed. If you have
misspelled it (e.g., `\hobx'), type `I' and the correct
spelling (e.g., `I\hbox'). Otherwise just continue,
and I'll forget about whatever was undefined.


LaTeX Warning: Citation `ferraraLifeCycleAssessment2018' on page  undefined on input line 424.

/home/bryce/repositories/Bayesian-network/article.tex:426: Undefined control sequence.
<write> ...: Citation `\@citeb ' on page \thepage 
                                                  \space undefined\on@line .
l.426 ...e{korbBayesianArtificialIntelligence2011}
                                                  . By integrating expert kn...
The control sequence at the end of the top line
of your error message was never \def'ed. If you have
misspelled it (e.g., `\hobx'), type `I' and the correct
spelling (e.g., `I\hbox'). Otherwise just continue,
and I'll forget about whatever was undefined.


LaTeX Warning: Citation `korbBayesianArtificialIntelligence2011' on page  undefined on input line 426.

/home/bryce/repositories/Bayesian-network/article.tex:436: Undefined control sequence.
l.436 \section
              {Methods}
The control sequence at the end of the top line
of your error message was never \def'ed. If you have
misspelled it (e.g., `\hobx'), type `I' and the correct
spelling (e.g., `I\hbox'). Otherwise just continue,
and I'll forget about whatever was undefined.

/home/bryce/repositories/Bayesian-network/article.tex:438: Undefined control sequence.
l.438 ...atural disasters and social change \citep
                                                  {wineaustraliaNationalVint...
The control sequence at the end of the top line
of your error message was never \def'ed. If you have
misspelled it (e.g., `\hobx'), type `I' and the correct
spelling (e.g., `I\hbox'). Otherwise just continue,
and I'll forget about whatever was undefined.

/home/bryce/repositories/Bayesian-network/article.tex:438: Undefined control sequence.
l.438 ...cosystems, government and industry \citep
                                                  {baianoOverviewSustainabil...
The control sequence at the end of the top line
of your error message was never \def'ed. If you have
misspelled it (e.g., `\hobx'), type `I' and the correct
spelling (e.g., `I\hbox'). Otherwise just continue,
and I'll forget about whatever was undefined.

/home/bryce/repositories/Bayesian-network/article.tex:438: Undefined control sequence.
l.438 ...ctors and perspectives are defined \citep
                                                  {santiago-brownSustainabil...
The control sequence at the end of the top line
of your error message was never \def'ed. If you have
misspelled it (e.g., `\hobx'), type `I' and the correct
spelling (e.g., `I\hbox'). Otherwise just continue,
and I'll forget about whatever was undefined.

/home/bryce/repositories/Bayesian-network/article.tex:440: Undefined control sequence.
l.440 ...ntribution to sustainable outcomes \citep
                                                  {dichiaraCollaborativeAppr...
The control sequence at the end of the top line
of your error message was never \def'ed. If you have
misspelled it (e.g., `\hobx'), type `I' and the correct
spelling (e.g., `I\hbox'). Otherwise just continue,
and I'll forget about whatever was undefined.

/home/bryce/repositories/Bayesian-network/article.tex:440: Undefined control sequence.
l.440 ...emicals, water use and fertilisers \citep
                                                  {dumbrellComparingAustrali...
The control sequence at the end of the top line
of your error message was never \def'ed. If you have
misspelled it (e.g., `\hobx'), type `I' and the correct
spelling (e.g., `I\hbox'). Otherwise just continue,
and I'll forget about whatever was undefined.

/home/bryce/repositories/Bayesian-network/article.tex:440: Undefined control sequence.
l.440 ...te, soil types and water resources \citep
                                                  {abbalDecisionSupportSyste...
The control sequence at the end of the top line
of your error message was never \def'ed. If you have
misspelled it (e.g., `\hobx'), type `I' and the correct
spelling (e.g., `I\hbox'). Otherwise just continue,
and I'll forget about whatever was undefined.

/home/bryce/repositories/Bayesian-network/article.tex:442: Undefined control sequence.
l.442 ... use of index systems being common \citep
                                                  {gehringerMappingSustainab...
The control sequence at the end of the top line
of your error message was never \def'ed. If you have
misspelled it (e.g., `\hobx'), type `I' and the correct
spelling (e.g., `I\hbox'). Otherwise just continue,
and I'll forget about whatever was undefined.

/home/bryce/repositories/Bayesian-network/article.tex:442: Undefined control sequence.
l.442 ... or the health of, the environment \citep
                                                  {floresWhatSustainabilityW...
The control sequence at the end of the top line
of your error message was never \def'ed. If you have
misspelled it (e.g., `\hobx'), type `I' and the correct
spelling (e.g., `I\hbox'). Otherwise just continue,
and I'll forget about whatever was undefined.

/home/bryce/repositories/Bayesian-network/article.tex:442: Undefined control sequence.
l.442 ...at contribute to positive outcomes \citep
                                                  {klemesAssessingMeasuringE...
The control sequence at the end of the top line
of your error message was never \def'ed. If you have
misspelled it (e.g., `\hobx'), type `I' and the correct
spelling (e.g., `I\hbox'). Otherwise just continue,
and I'll forget about whatever was undefined.

/home/bryce/repositories/Bayesian-network/article.tex:444: Undefined control sequence.
l.444 \subsection
                 {Literature Review}
The control sequence at the end of the top line
of your error message was never \def'ed. If you have
misspelled it (e.g., `\hobx'), type `I' and the correct
spelling (e.g., `I\hbox'). Otherwise just continue,
and I'll forget about whatever was undefined.


/home/bryce/repositories/Bayesian-network/article.tex:451: LaTeX Error: Environment lstlisting undefined.

See the LaTeX manual or LaTeX Companion for explanation.
Type  H <return>  for immediate help.
 ...                                              
                                                  
l.451 \begin{lstlisting}
                        [language=]
Your command was ignored.
Type  I <command> <return>  to replace it with another command,
or  <return>  to continue without it.


/home/bryce/repositories/Bayesian-network/article.tex:457: LaTeX Error: \begin{document} ended by \end{lstlisting}.

See the LaTeX manual or LaTeX Companion for explanation.
Type  H <return>  for immediate help.
 ...                                              
                                                  
l.457     \end{lstlisting}
                          
Your command was ignored.
Type  I <command> <return>  to replace it with another command,
or  <return>  to continue without it.

/home/bryce/repositories/Bayesian-network/article.tex:466: Undefined control sequence.
l.466 \subsection
                 {Bayesian Networks}
The control sequence at the end of the top line
of your error message was never \def'ed. If you have
misspelled it (e.g., `\hobx'), type `I' and the correct
spelling (e.g., `I\hbox'). Otherwise just continue,
and I'll forget about whatever was undefined.

/home/bryce/repositories/Bayesian-network/article.tex:468: Undefined control sequence.
l.468 ...en nodes may have numerous classes \citep
                                                  {korbBayesianArtificialInt...
The control sequence at the end of the top line
of your error message was never \def'ed. If you have
misspelled it (e.g., `\hobx'), type `I' and the correct
spelling (e.g., `I\hbox'). Otherwise just continue,
and I'll forget about whatever was undefined.

/home/bryce/repositories/Bayesian-network/article.tex:470: Undefined control sequence.
l.470 ... a vineyard's environmental impact \citep
                                                  {pourretBayesianNetworksPr...
The control sequence at the end of the top line
of your error message was never \def'ed. If you have
misspelled it (e.g., `\hobx'), type `I' and the correct
spelling (e.g., `I\hbox'). Otherwise just continue,
and I'll forget about whatever was undefined.

LaTeX Font Info:    External font `cmex10' loaded for size
(Font)              <7> on input line 473.
LaTeX Font Info:    External font `cmex10' loaded for size
(Font)              <5> on input line 473.
/home/bryce/repositories/Bayesian-network/article.tex:477: Undefined control sequence.
<write> ...: Citation `\@citeb ' on page \thepage 
                                                  \space undefined\on@line .
l.477 ...trated by \cite{bayesLIIEssaySolving1763}
                                                  . Within a Bayesian Networ...
The control sequence at the end of the top line
of your error message was never \def'ed. If you have
misspelled it (e.g., `\hobx'), type `I' and the correct
spelling (e.g., `I\hbox'). Otherwise just continue,
and I'll forget about whatever was undefined.


LaTeX Warning: Citation `bayesLIIEssaySolving1763' on page  undefined on input line 477.

/home/bryce/repositories/Bayesian-network/article.tex:477: Undefined control sequence.
<write> ...erence `bayesformula' on page \thepage 
                                                  \space undefined\on@line .
l.477 ...erative application of \ref{bayesformula}
                                                  , which can be achieved th...
The control sequence at the end of the top line
of your error message was never \def'ed. If you have
misspelled it (e.g., `\hobx'), type `I' and the correct
spelling (e.g., `I\hbox'). Otherwise just continue,
and I'll forget about whatever was undefined.


LaTeX Warning: Reference `bayesformula' on page  undefined on input line 477.

/home/bryce/repositories/Bayesian-network/article.tex:480: Undefined control sequence.
l.480         \mathbb
                     (P) (X_{1}=x_{1},...X_{n}=x_{n})=\prod_{n}^{i=1}p(x_{i}...
The control sequence at the end of the top line
of your error message was never \def'ed. If you have
misspelled it (e.g., `\hobx'), type `I' and the correct
spelling (e.g., `I\hbox'). Otherwise just continue,
and I'll forget about whatever was undefined.

/home/bryce/repositories/Bayesian-network/article.tex:488: Undefined control sequence.
l.488 ...udy were created using BayesFusion \citep
                                                  {bayesfusionGeNIeModelerUS...
The control sequence at the end of the top line
of your error message was never \def'ed. If you have
misspelled it (e.g., `\hobx'), type `I' and the correct
spelling (e.g., `I\hbox'). Otherwise just continue,
and I'll forget about whatever was undefined.

/home/bryce/repositories/Bayesian-network/article.tex:488: Undefined control sequence.
l.488 ...he GUI interface and the SMILE API \citep
                                                  {bayesfusionGeNIeModelerUS...
The control sequence at the end of the top line
of your error message was never \def'ed. If you have
misspelled it (e.g., `\hobx'), type `I' and the correct
spelling (e.g., `I\hbox'). Otherwise just continue,
and I'll forget about whatever was undefined.

/home/bryce/repositories/Bayesian-network/article.tex:488: Undefined control sequence.
l.488 ...eModelerUSER2022} system using C++ \citep
                                                  {ISO:2012:III}.
The control sequence at the end of the top line
of your error message was never \def'ed. If you have
misspelled it (e.g., `\hobx'), type `I' and the correct
spelling (e.g., `I\hbox'). Otherwise just continue,
and I'll forget about whatever was undefined.

/home/bryce/repositories/Bayesian-network/article.tex:490: Undefined control sequence.
l.490 \subsection
                 {Elicitation}
The control sequence at the end of the top line
of your error message was never \def'ed. If you have
misspelled it (e.g., `\hobx'), type `I' and the correct
spelling (e.g., `I\hbox'). Otherwise just continue,
and I'll forget about whatever was undefined.

/home/bryce/repositories/Bayesian-network/article.tex:492: Undefined control sequence.
<write> ...: Citation `\@citeb ' on page \thepage 
                                                  \space undefined\on@line .
l.492 ...itchforthProposedValidationFramework2013}
                                                  . Where, we progressed ite...
The control sequence at the end of the top line
of your error message was never \def'ed. If you have
misspelled it (e.g., `\hobx'), type `I' and the correct
spelling (e.g., `I\hbox'). Otherwise just continue,
and I'll forget about whatever was undefined.


LaTeX Warning: Citation `korbBayesianArtificialIntelligence2011' on page  undefined on input line 492.

/home/bryce/repositories/Bayesian-network/article.tex:492: Undefined control sequence.
<write> ...: Citation `\@citeb ' on page \thepage 
                                                  \space undefined\on@line .
l.492 ...itchforthProposedValidationFramework2013}
                                                  . Where, we progressed ite...
The control sequence at the end of the top line
of your error message was never \def'ed. If you have
misspelled it (e.g., `\hobx'), type `I' and the correct
spelling (e.g., `I\hbox'). Otherwise just continue,
and I'll forget about whatever was undefined.


LaTeX Warning: Citation `pitchforthProposedValidationFramework2013' on page  undefined on input line 492.

/home/bryce/repositories/Bayesian-network/article.tex:508: Undefined control sequence.
l.508 \subsection
                 {CPT interpolating}
The control sequence at the end of the top line
of your error message was never \def'ed. If you have
misspelled it (e.g., `\hobx'), type `I' and the correct
spelling (e.g., `I\hbox'). Otherwise just continue,
and I'll forget about whatever was undefined.

/home/bryce/repositories/Bayesian-network/article.tex:510: Undefined control sequence.
l.510 ...efined within the Bayesian Network \citep
                                                  {korbBayesianArtificialInt...
The control sequence at the end of the top line
of your error message was never \def'ed. If you have
misspelled it (e.g., `\hobx'), type `I' and the correct
spelling (e.g., `I\hbox'). Otherwise just continue,
and I'll forget about whatever was undefined.

/home/bryce/repositories/Bayesian-network/article.tex:521: Undefined control sequence.
l.521         \text
                   { and }
The control sequence at the end of the top line
of your error message was never \def'ed. If you have
misspelled it (e.g., `\hobx'), type `I' and the correct
spelling (e.g., `I\hbox'). Otherwise just continue,
and I'll forget about whatever was undefined.

/home/bryce/repositories/Bayesian-network/article.tex:526: Undefined control sequence.
l.526 \subsection
                 {Validation}
The control sequence at the end of the top line
of your error message was never \def'ed. If you have
misspelled it (e.g., `\hobx'), type `I' and the correct
spelling (e.g., `I\hbox'). Otherwise just continue,
and I'll forget about whatever was undefined.

/home/bryce/repositories/Bayesian-network/article.tex:528: Undefined control sequence.
l.528 ...t to address concerns presented by \citep
                                                  {pitchforthProposedValidat...
The control sequence at the end of the top line
of your error message was never \def'ed. If you have
misspelled it (e.g., `\hobx'), type `I' and the correct
spelling (e.g., `I\hbox'). Otherwise just continue,
and I'll forget about whatever was undefined.

/home/bryce/repositories/Bayesian-network/article.tex:528: Undefined control sequence.
l.528 ...y vineyard outcomes and priorities \citep
                                                  {abbalDecisionSupportSyste...
The control sequence at the end of the top line
of your error message was never \def'ed. If you have
misspelled it (e.g., `\hobx'), type `I' and the correct
spelling (e.g., `I\hbox'). Otherwise just continue,
and I'll forget about whatever was undefined.

/home/bryce/repositories/Bayesian-network/article.tex:530: Undefined control sequence.
l.530 ... the findings of other researchers \citep
                                                  {abbalDecisionSupportSyste...
The control sequence at the end of the top line
of your error message was never \def'ed. If you have
misspelled it (e.g., `\hobx'), type `I' and the correct
spelling (e.g., `I\hbox'). Otherwise just continue,
and I'll forget about whatever was undefined.

/home/bryce/repositories/Bayesian-network/article.tex:530: Undefined control sequence.
l.530 ... the model and highly interrelated \citep
                                                  {carmonaUseParticipatoryOb...
The control sequence at the end of the top line
of your error message was never \def'ed. If you have
misspelled it (e.g., `\hobx'), type `I' and the correct
spelling (e.g., `I\hbox'). Otherwise just continue,
and I'll forget about whatever was undefined.

/home/bryce/repositories/Bayesian-network/article.tex:532: Undefined control sequence.
<write> ...: Citation `\@citeb ' on page \thepage 
                                                  \space undefined\on@line .
l.532 ...12,hallWithinseasonTemporalVariation2011}
                                                  . Furthermore, these types...
The control sequence at the end of the top line
of your error message was never \def'ed. If you have
misspelled it (e.g., `\hobx'), type `I' and the correct
spelling (e.g., `I\hbox'). Otherwise just continue,
and I'll forget about whatever was undefined.


LaTeX Warning: Citation `abbalDecisionSupportSystem2016' on page  undefined on input line 532.

/home/bryce/repositories/Bayesian-network/article.tex:532: Undefined control sequence.
<write> ...: Citation `\@citeb ' on page \thepage 
                                                  \space undefined\on@line .
l.532 ...12,hallWithinseasonTemporalVariation2011}
                                                  . Furthermore, these types...
The control sequence at the end of the top line
of your error message was never \def'ed. If you have
misspelled it (e.g., `\hobx'), type `I' and the correct
spelling (e.g., `I\hbox'). Otherwise just continue,
and I'll forget about whatever was undefined.


LaTeX Warning: Citation `campsGrapeHarvestYield2012' on page  undefined on input line 532.

/home/bryce/repositories/Bayesian-network/article.tex:532: Undefined control sequence.
<write> ...: Citation `\@citeb ' on page \thepage 
                                                  \space undefined\on@line .
l.532 ...12,hallWithinseasonTemporalVariation2011}
                                                  . Furthermore, these types...
The control sequence at the end of the top line
of your error message was never \def'ed. If you have
misspelled it (e.g., `\hobx'), type `I' and the correct
spelling (e.g., `I\hbox'). Otherwise just continue,
and I'll forget about whatever was undefined.


LaTeX Warning: Citation `hallWithinseasonTemporalVariation2011' on page  undefined on input line 532.

/home/bryce/repositories/Bayesian-network/article.tex:532: Undefined control sequence.
l.532 ...ch as yield and water respectively \citep
                                                  {heFruitYieldPrediction202...
The control sequence at the end of the top line
of your error message was never \def'ed. If you have
misspelled it (e.g., `\hobx'), type `I' and the correct
spelling (e.g., `I\hbox'). Otherwise just continue,
and I'll forget about whatever was undefined.

/home/bryce/repositories/Bayesian-network/article.tex:534: Undefined control sequence.
l.534 ...emoval and adding additional nodes \citep
                                                  {korbBayesianArtificialInt...
The control sequence at the end of the top line
of your error message was never \def'ed. If you have
misspelled it (e.g., `\hobx'), type `I' and the correct
spelling (e.g., `I\hbox'). Otherwise just continue,
and I'll forget about whatever was undefined.

/home/bryce/repositories/Bayesian-network/article.tex:536: Undefined control sequence.
l.536 ...e prevalent outcomes such as yield \citep
                                                  {laurentReviewIssuesMethod...
The control sequence at the end of the top line
of your error message was never \def'ed. If you have
misspelled it (e.g., `\hobx'), type `I' and the correct
spelling (e.g., `I\hbox'). Otherwise just continue,
and I'll forget about whatever was undefined.

/home/bryce/repositories/Bayesian-network/article.tex:538: Undefined control sequence.
l.538 \subsection
                 {Sensitivity analysis}
The control sequence at the end of the top line
of your error message was never \def'ed. If you have
misspelled it (e.g., `\hobx'), type `I' and the correct
spelling (e.g., `I\hbox'). Otherwise just continue,
and I'll forget about whatever was undefined.

/home/bryce/repositories/Bayesian-network/article.tex:540: Undefined control sequence.
<write> ...: Citation `\@citeb ' on page \thepage 
                                                  \space undefined\on@line .
l.540 ...the algorithm developed by \cite{article}
                                                  ; an optimisation of \auto...
The control sequence at the end of the top line
of your error message was never \def'ed. If you have
misspelled it (e.g., `\hobx'), type `I' and the correct
spelling (e.g., `I\hbox'). Otherwise just continue,
and I'll forget about whatever was undefined.


LaTeX Warning: Citation `article' on page  undefined on input line 540.

/home/bryce/repositories/Bayesian-network/article.tex:540: Undefined control sequence.
l.540 ...te{article}; an optimisation of \autocite
                                                  {Castillo1996ANM} and \cit...
The control sequence at the end of the top line
of your error message was never \def'ed. If you have
misspelled it (e.g., `\hobx'), type `I' and the correct
spelling (e.g., `I\hbox'). Otherwise just continue,
and I'll forget about whatever was undefined.

/home/bryce/repositories/Bayesian-network/article.tex:540: Undefined control sequence.
<write> ...: Citation `\@citeb ' on page \thepage 
                                                  \space undefined\on@line .
l.540 ...1996ANM} and \cite{Gaag1998PracticableSA}
                                                  . The method allows for ef...
The control sequence at the end of the top line
of your error message was never \def'ed. If you have
misspelled it (e.g., `\hobx'), type `I' and the correct
spelling (e.g., `I\hbox'). Otherwise just continue,
and I'll forget about whatever was undefined.


LaTeX Warning: Citation `Gaag1998PracticableSA' on page  undefined on input line 540.

/home/bryce/repositories/Bayesian-network/article.tex:578: Undefined control sequence.
l.578 \subsection
                 {Case study: Coonawarra}
The control sequence at the end of the top line
of your error message was never \def'ed. If you have
misspelled it (e.g., `\hobx'), type `I' and the correct
spelling (e.g., `I\hbox'). Otherwise just continue,
and I'll forget about whatever was undefined.

/home/bryce/repositories/Bayesian-network/article.tex:791: Undefined control sequence.
l.791 \section
              {Results}
The control sequence at the end of the top line
of your error message was never \def'ed. If you have
misspelled it (e.g., `\hobx'), type `I' and the correct
spelling (e.g., `I\hbox'). Otherwise just continue,
and I'll forget about whatever was undefined.

/home/bryce/repositories/Bayesian-network/article.tex:793: Undefined control sequence.
l.793 \subsection
                 {Industry definitions}
The control sequence at the end of the top line
of your error message was never \def'ed. If you have
misspelled it (e.g., `\hobx'), type `I' and the correct
spelling (e.g., `I\hbox'). Otherwise just continue,
and I'll forget about whatever was undefined.

/home/bryce/repositories/Bayesian-network/article.tex:795: Undefined control sequence.
<write> ...nce `tab:definitions' on page \thepage 
                                                  \space undefined\on@line .
l.795 ...d as shown in Table \ref{tab:definitions}
                                                  . By utilising these defin...
The control sequence at the end of the top line
of your error message was never \def'ed. If you have
misspelled it (e.g., `\hobx'), type `I' and the correct
spelling (e.g., `I\hbox'). Otherwise just continue,
and I'll forget about whatever was undefined.


LaTeX Warning: Reference `tab:definitions' on page  undefined on input line 795.


/home/bryce/repositories/Bayesian-network/article.tex:804: LaTeX Error: Environment table undefined.

See the LaTeX manual or LaTeX Companion for explanation.
Type  H <return>  for immediate help.
 ...                                              
                                                  
l.804 \begin{table}
                   [h]\label{tab:definitions}
Your command was ignored.
Type  I <command> <return>  to replace it with another command,
or  <return>  to continue without it.

/home/bryce/repositories/Bayesian-network/article.tex:806: Undefined control sequence.
l.806     \toprule
                  
The control sequence at the end of the top line
of your error message was never \def'ed. If you have
misspelled it (e.g., `\hobx'), type `I' and the correct
spelling (e.g., `I\hbox'). Otherwise just continue,
and I'll forget about whatever was undefined.

/home/bryce/repositories/Bayesian-network/article.tex:807: Undefined control sequence.
<recently read> \midrule 
                         
l.807 ...deal Class} & Not Ideal Class \\ \midrule
                                                  
The control sequence at the end of the top line
of your error message was never \def'ed. If you have
misspelled it (e.g., `\hobx'), type `I' and the correct
spelling (e.g., `I\hbox'). Otherwise just continue,
and I'll forget about whatever was undefined.

/home/bryce/repositories/Bayesian-network/article.tex:836: Undefined control sequence.
<recently read> \bottomrule 
                            
l.836 ...oided. & \textbf{Yes} & No \\ \bottomrule
                                                  
The control sequence at the end of the top line
of your error message was never \def'ed. If you have
misspelled it (e.g., `\hobx'), type `I' and the correct
spelling (e.g., `I\hbox'). Otherwise just continue,
and I'll forget about whatever was undefined.


/home/bryce/repositories/Bayesian-network/article.tex:838: LaTeX Error: \begin{document} ended by \end{table}.

See the LaTeX manual or LaTeX Companion for explanation.
Type  H <return>  for immediate help.
 ...                                              
                                                  
l.838 \end{table}
                 
Your command was ignored.
Type  I <command> <return>  to replace it with another command,
or  <return>  to continue without it.

/home/bryce/repositories/Bayesian-network/article.tex:842: Undefined control sequence.
l.842 \subsection
                 {Key Factors Impacting Environmental Sustainability in Aust...
The control sequence at the end of the top line
of your error message was never \def'ed. If you have
misspelled it (e.g., `\hobx'), type `I' and the correct
spelling (e.g., `I\hbox'). Otherwise just continue,
and I'll forget about whatever was undefined.

/home/bryce/repositories/Bayesian-network/article.tex:844: Undefined control sequence.
<write> ...ce `figure:generalBN' on page \thepage 
                                                  \space undefined\on@line .
l.844 ...el are depicted in~\ref{figure:generalBN}
                                                   as nodes in the Bayesian ...
The control sequence at the end of the top line
of your error message was never \def'ed. If you have
misspelled it (e.g., `\hobx'), type `I' and the correct
spelling (e.g., `I\hbox'). Otherwise just continue,
and I'll forget about whatever was undefined.


LaTeX Warning: Reference `figure:generalBN' on page  undefined on input line 844.


/home/bryce/repositories/Bayesian-network/article.tex:854: LaTeX Error: Environment figure undefined.

See the LaTeX manual or LaTeX Companion for explanation.
Type  H <return>  for immediate help.
 ...                                              
                                                  
l.854 \begin{figure}
                    [h!]
Your command was ignored.
Type  I <command> <return>  to replace it with another command,
or  <return>  to continue without it.


/home/bryce/repositories/Bayesian-network/article.tex:857: LaTeX Error: \caption outside float.

See the LaTeX manual or LaTeX Companion for explanation.
Type  H <return>  for immediate help.
 ...                                              
                                                  
l.857     \caption
                  {The resultant Bayesian network after initial discussions ...
You're in trouble here.  Try typing  <return>  to proceed.
If that doesn't work, type  X <return>  to quit.


/home/bryce/repositories/Bayesian-network/article.tex:858: LaTeX Error: \begin{document} ended by \end{figure}.

See the LaTeX manual or LaTeX Companion for explanation.
Type  H <return>  for immediate help.
 ...                                              
                                                  
l.858 \end{figure}
                  
Your command was ignored.
Type  I <command> <return>  to replace it with another command,
or  <return>  to continue without it.

/home/bryce/repositories/Bayesian-network/article.tex:862: Undefined control sequence.
<write> ...rence `fig:generalBN' on page \thepage 
                                                  \space undefined\on@line .
l.862 Figure~\ref{fig:generalBN}
                                , illustrates the importance of water, disea...
The control sequence at the end of the top line
of your error message was never \def'ed. If you have
misspelled it (e.g., `\hobx'), type `I' and the correct
spelling (e.g., `I\hbox'). Otherwise just continue,
and I'll forget about whatever was undefined.


LaTeX Warning: Reference `fig:generalBN' on page  undefined on input line 862.

/home/bryce/repositories/Bayesian-network/article.tex:864: Undefined control sequence.
l.864 \subsection
                 {Comparative Analysis of Literature and Industry Perspectives}
The control sequence at the end of the top line
of your error message was never \def'ed. If you have
misspelled it (e.g., `\hobx'), type `I' and the correct
spelling (e.g., `I\hbox'). Otherwise just continue,
and I'll forget about whatever was undefined.

/home/bryce/repositories/Bayesian-network/article.tex:866: Undefined control sequence.
<write> ... Reference `tab:lexi' on page \thepage 
                                                  \space undefined\on@line .
l.866 ...ncept was water (see Table \ref{tab:lexi}
                                                  ). The critical importance...
The control sequence at the end of the top line
of your error message was never \def'ed. If you have
misspelled it (e.g., `\hobx'), type `I' and the correct
spelling (e.g., `I\hbox'). Otherwise just continue,
and I'll forget about whatever was undefined.


LaTeX Warning: Reference `tab:lexi' on page  undefined on input line 866.


/home/bryce/repositories/Bayesian-network/article.tex:875: LaTeX Error: Environment table undefined.

See the LaTeX manual or LaTeX Companion for explanation.
Type  H <return>  for immediate help.
 ...                                              
                                                  
l.875 \begin{table}
                   [h]\label{tab:lexi}
Your command was ignored.
Type  I <command> <return>  to replace it with another command,
or  <return>  to continue without it.

/home/bryce/repositories/Bayesian-network/article.tex:877: Undefined control sequence.
l.877     \toprule
                  
The control sequence at the end of the top line
of your error message was never \def'ed. If you have
misspelled it (e.g., `\hobx'), type `I' and the correct
spelling (e.g., `I\hbox'). Otherwise just continue,
and I'll forget about whatever was undefined.

/home/bryce/repositories/Bayesian-network/article.tex:878: Missing $ inserted.
<inserted text> 
                $
l.878 ...lumn{1}{l}{\textbf{Relevance_percentage}}
                                                   \\ \midrule
I've inserted a begin-math/end-math symbol since I think
you left one out. Proceed, with fingers crossed.

/home/bryce/repositories/Bayesian-network/article.tex:878: Extra }, or forgotten $.
<recently read> \egroup 
                        
l.878 ...lumn{1}{l}{\textbf{Relevance_percentage}}
                                                   \\ \midrule
I've deleted a group-closing symbol because it seems to be
spurious, as in `$x}$'. But perhaps the } is legitimate and
you forgot something else, as in `\hbox{$x}'. In such cases
the way to recover is to insert both the forgotten and the
deleted material, e.g., by typing `I$}'.

/home/bryce/repositories/Bayesian-network/article.tex:878: Extra }, or forgotten $.
\@preamble ...ignorespaces \@sharp \unskip \hfil }
                                                  \hskip \tabcolsep 
l.878 ...lumn{1}{l}{\textbf{Relevance_percentage}}
                                                   \\ \midrule
I've deleted a group-closing symbol because it seems to be
spurious, as in `$x}$'. But perhaps the } is legitimate and
you forgot something else, as in `\hbox{$x}'. In such cases
the way to recover is to insert both the forgotten and the
deleted material, e.g., by typing `I$}'.

/home/bryce/repositories/Bayesian-network/article.tex:878: Missing $ inserted.
<inserted text> 
                $
l.878 ...lumn{1}{l}{\textbf{Relevance_percentage}}
                                                   \\ \midrule
I've inserted something that you may have forgotten.
(See the <inserted text> above.)
With luck, this will get me unwedged. But if you
really didn't forget anything, try typing `2' now; then
my insertion and my current dilemma will both disappear.

/home/bryce/repositories/Bayesian-network/article.tex:878: Missing } inserted.
<inserted text> 
                }
l.878 ...lumn{1}{l}{\textbf{Relevance_percentage}}
                                                   \\ \midrule
I've inserted something that you may have forgotten.
(See the <inserted text> above.)
With luck, this will get me unwedged. But if you
really didn't forget anything, try typing `2' now; then
my insertion and my current dilemma will both disappear.

/home/bryce/repositories/Bayesian-network/article.tex:878: Missing } inserted.
<inserted text> 
                }
l.878 ...lumn{1}{l}{\textbf{Relevance_percentage}}
                                                   \\ \midrule
I've inserted something that you may have forgotten.
(See the <inserted text> above.)
With luck, this will get me unwedged. But if you
really didn't forget anything, try typing `2' now; then
my insertion and my current dilemma will both disappear.

/home/bryce/repositories/Bayesian-network/article.tex:878: Undefined control sequence.
<recently read> \midrule 
                         
l.878 ...textbf{Relevance_percentage}} \\ \midrule
                                                  
The control sequence at the end of the top line
of your error message was never \def'ed. If you have
misspelled it (e.g., `\hobx'), type `I' and the correct
spelling (e.g., `I\hbox'). Otherwise just continue,
and I'll forget about whatever was undefined.

/home/bryce/repositories/Bayesian-network/article.tex:888: Undefined control sequence.
<recently read> \bottomrule 
                            
l.888     different & 300 & 23 \\ \bottomrule
                                             
The control sequence at the end of the top line
of your error message was never \def'ed. If you have
misspelled it (e.g., `\hobx'), type `I' and the correct
spelling (e.g., `I\hbox'). Otherwise just continue,
and I'll forget about whatever was undefined.


/home/bryce/repositories/Bayesian-network/article.tex:890: LaTeX Error: \begin{document} ended by \end{table}.

See the LaTeX manual or LaTeX Companion for explanation.
Type  H <return>  for immediate help.
 ...                                              
                                                  
l.890     \end{table}
                     
Your command was ignored.
Type  I <command> <return>  to replace it with another command,
or  <return>  to continue without it.

/home/bryce/repositories/Bayesian-network/article.tex:897: Undefined control sequence.
<write> ... Reference `tab:lexi' on page \thepage 
                                                  \space undefined\on@line .
l.897 ...sustainable practices (see \ref{tab:lexi}
                                                  ). Furthermore, change and...
The control sequence at the end of the top line
of your error message was never \def'ed. If you have
misspelled it (e.g., `\hobx'), type `I' and the correct
spelling (e.g., `I\hbox'). Otherwise just continue,
and I'll forget about whatever was undefined.


LaTeX Warning: Reference `tab:lexi' on page  undefined on input line 897.

/home/bryce/repositories/Bayesian-network/article.tex:899: Undefined control sequence.
<write> ... Reference `fig:lexi' on page \thepage 
                                                  \space undefined\on@line .
l.899 ...sually described in Figure \ref{fig:lexi}
                                                  , with the network depicti...
The control sequence at the end of the top line
of your error message was never \def'ed. If you have
misspelled it (e.g., `\hobx'), type `I' and the correct
spelling (e.g., `I\hbox'). Otherwise just continue,
and I'll forget about whatever was undefined.


LaTeX Warning: Reference `fig:lexi' on page  undefined on input line 899.


/home/bryce/repositories/Bayesian-network/article.tex:901: LaTeX Error: Environment figure undefined.

See the LaTeX manual or LaTeX Companion for explanation.
Type  H <return>  for immediate help.
 ...                                              
                                                  
l.901 \begin{figure}
                    [h]
Your command was ignored.
Type  I <command> <return>  to replace it with another command,
or  <return>  to continue without it.

/home/bryce/repositories/Bayesian-network/article.tex:903: Undefined control sequence.
l.903     \includegraphics
                          [width=\linewidth]{Winegrowing-concept-map}
The control sequence at the end of the top line
of your error message was never \def'ed. If you have
misspelled it (e.g., `\hobx'), type `I' and the correct
spelling (e.g., `I\hbox'). Otherwise just continue,
and I'll forget about whatever was undefined.

/home/bryce/repositories/Bayesian-network/article.tex:903: Missing number, treated as zero.
<to be read again> 
                   ]
l.903     \includegraphics[width=\linewidth]
                                            {Winegrowing-concept-map}
A number should have been here; I inserted `0'.
(If you can't figure out why I needed to see a number,
look up `weird error' in the index to The TeXbook.)

/home/bryce/repositories/Bayesian-network/article.tex:903: Illegal unit of measure (pt inserted).
<to be read again> 
                   ]
l.903     \includegraphics[width=\linewidth]
                                            {Winegrowing-concept-map}
Dimensions can be in units of em, ex, in, pt, pc,
cm, mm, dd, cc, nd, nc, bp, or sp; but yours is a new one!
I'll assume that you meant to say pt, for printer's points.
To recover gracefully from this error, it's best to
delete the erroneous units; e.g., type `2' to delete
two letters. (See Chapter 27 of The TeXbook.)


/home/bryce/repositories/Bayesian-network/article.tex:904: LaTeX Error: \caption outside float.

See the LaTeX manual or LaTeX Companion for explanation.
Type  H <return>  for immediate help.
 ...                                              
                                                  
l.904     \caption
                  {Your caption here}
You're in trouble here.  Try typing  <return>  to proceed.
If that doesn't work, type  X <return>  to quit.


/home/bryce/repositories/Bayesian-network/article.tex:906: LaTeX Error: \begin{document} ended by \end{figure}.

See the LaTeX manual or LaTeX Companion for explanation.
Type  H <return>  for immediate help.
 ...                                              
                                                  
l.906 \end{figure}
                  
Your command was ignored.
Type  I <command> <return>  to replace it with another command,
or  <return>  to continue without it.

/home/bryce/repositories/Bayesian-network/article.tex:910: Undefined control sequence.
l.910 \subsection
                 {Sustainability specifics: Coonawarra Winegrowing}
The control sequence at the end of the top line
of your error message was never \def'ed. If you have
misspelled it (e.g., `\hobx'), type `I' and the correct
spelling (e.g., `I\hbox'). Otherwise just continue,
and I'll forget about whatever was undefined.

/home/bryce/repositories/Bayesian-network/article.tex:912: Undefined control sequence.
<write> ...: Citation `\@citeb ' on page \thepage 
                                                  \space undefined\on@line .
l.912 ...e{hallidayAustralianWineEncyclopedia2009}
                                                  . Due to the region's dist...
The control sequence at the end of the top line
of your error message was never \def'ed. If you have
misspelled it (e.g., `\hobx'), type `I' and the correct
spelling (e.g., `I\hbox'). Otherwise just continue,
and I'll forget about whatever was undefined.


LaTeX Warning: Citation `hallidayAustralianWineEncyclopedia2009' on page  undefined on input line 912.

/home/bryce/repositories/Bayesian-network/article.tex:914: Undefined control sequence.
<write> ...ng: Reference `fig:b' on page \thepage 
                                                  \space undefined\on@line .
l.914 ...eric Bayesian Network (Figure \ref{fig:b}
                                                  ) model to the Coonawarra-...
The control sequence at the end of the top line
of your error message was never \def'ed. If you have
misspelled it (e.g., `\hobx'), type `I' and the correct
spelling (e.g., `I\hbox'). Otherwise just continue,
and I'll forget about whatever was undefined.


LaTeX Warning: Reference `fig:b' on page  undefined on input line 914.

/home/bryce/repositories/Bayesian-network/article.tex:914: Undefined control sequence.
<write> ...Reference `fig:robyn' on page \thepage 
                                                  \space undefined\on@line .
l.914 ...ra-specific model (Figure \ref{fig:robyn}
                                                   and Figure \ref{fig:marce...
The control sequence at the end of the top line
of your error message was never \def'ed. If you have
misspelled it (e.g., `\hobx'), type `I' and the correct
spelling (e.g., `I\hbox'). Otherwise just continue,
and I'll forget about whatever was undefined.


LaTeX Warning: Reference `fig:robyn' on page  undefined on input line 914.

/home/bryce/repositories/Bayesian-network/article.tex:914: Undefined control sequence.
<write> ...eference `fig:marcel' on page \thepage 
                                                  \space undefined\on@line .
l.914 ...ef{fig:robyn} and Figure \ref{fig:marcel}
                                                  ), we identified regional ...
The control sequence at the end of the top line
of your error message was never \def'ed. If you have
misspelled it (e.g., `\hobx'), type `I' and the correct
spelling (e.g., `I\hbox'). Otherwise just continue,
and I'll forget about whatever was undefined.


LaTeX Warning: Reference `fig:marcel' on page  undefined on input line 914.


/home/bryce/repositories/Bayesian-network/article.tex:926: LaTeX Error: Environment figure undefined.

See the LaTeX manual or LaTeX Companion for explanation.
Type  H <return>  for immediate help.
 ...                                              
                                                  
l.926 \begin{figure}
                    [h!]
Your command was ignored.
Type  I <command> <return>  to replace it with another command,
or  <return>  to continue without it.

/home/bryce/repositories/Bayesian-network/article.tex:928: Undefined control sequence.
l.928     \includegraphics
                          [width=\linewidth]{robyn}
The control sequence at the end of the top line
of your error message was never \def'ed. If you have
misspelled it (e.g., `\hobx'), type `I' and the correct
spelling (e.g., `I\hbox'). Otherwise just continue,
and I'll forget about whatever was undefined.

/home/bryce/repositories/Bayesian-network/article.tex:928: Missing number, treated as zero.
<to be read again> 
                   ]
l.928     \includegraphics[width=\linewidth]
                                            {robyn}
A number should have been here; I inserted `0'.
(If you can't figure out why I needed to see a number,
look up `weird error' in the index to The TeXbook.)

/home/bryce/repositories/Bayesian-network/article.tex:928: Illegal unit of measure (pt inserted).
<to be read again> 
                   ]
l.928     \includegraphics[width=\linewidth]
                                            {robyn}
Dimensions can be in units of em, ex, in, pt, pc,
cm, mm, dd, cc, nd, nc, bp, or sp; but yours is a new one!
I'll assume that you meant to say pt, for printer's points.
To recover gracefully from this error, it's best to
delete the erroneous units; e.g., type `2' to delete
two letters. (See Chapter 27 of The TeXbook.)


/home/bryce/repositories/Bayesian-network/article.tex:929: LaTeX Error: \caption outside float.

See the LaTeX manual or LaTeX Companion for explanation.
Type  H <return>  for immediate help.
 ...                                              
                                                  
l.929     \caption
                  {Coonawarra-specific Bayesian Network illustrating key fac...
You're in trouble here.  Try typing  <return>  to proceed.
If that doesn't work, type  X <return>  to quit.


/home/bryce/repositories/Bayesian-network/article.tex:930: LaTeX Error: \begin{document} ended by \end{figure}.

See the LaTeX manual or LaTeX Companion for explanation.
Type  H <return>  for immediate help.
 ...                                              
                                                  
l.930 \end{figure}
                  
Your command was ignored.
Type  I <command> <return>  to replace it with another command,
or  <return>  to continue without it.


/home/bryce/repositories/Bayesian-network/article.tex:932: LaTeX Error: Environment figure undefined.

See the LaTeX manual or LaTeX Companion for explanation.
Type  H <return>  for immediate help.
 ...                                              
                                                  
l.932 \begin{figure}
                    [h!]
Your command was ignored.
Type  I <command> <return>  to replace it with another command,
or  <return>  to continue without it.

/home/bryce/repositories/Bayesian-network/article.tex:934: Undefined control sequence.
l.934     \includegraphics
                          [width=\linewidth]{marcel}
The control sequence at the end of the top line
of your error message was never \def'ed. If you have
misspelled it (e.g., `\hobx'), type `I' and the correct
spelling (e.g., `I\hbox'). Otherwise just continue,
and I'll forget about whatever was undefined.

/home/bryce/repositories/Bayesian-network/article.tex:934: Missing number, treated as zero.
<to be read again> 
                   ]
l.934     \includegraphics[width=\linewidth]
                                            {marcel}
A number should have been here; I inserted `0'.
(If you can't figure out why I needed to see a number,
look up `weird error' in the index to The TeXbook.)

/home/bryce/repositories/Bayesian-network/article.tex:934: Illegal unit of measure (pt inserted).
<to be read again> 
                   ]
l.934     \includegraphics[width=\linewidth]
                                            {marcel}
Dimensions can be in units of em, ex, in, pt, pc,
cm, mm, dd, cc, nd, nc, bp, or sp; but yours is a new one!
I'll assume that you meant to say pt, for printer's points.
To recover gracefully from this error, it's best to
delete the erroneous units; e.g., type `2' to delete
two letters. (See Chapter 27 of The TeXbook.)


/home/bryce/repositories/Bayesian-network/article.tex:935: LaTeX Error: \caption outside float.

See the LaTeX manual or LaTeX Companion for explanation.
Type  H <return>  for immediate help.
 ...                                              
                                                  
l.935     \caption
                  {Coonawarra-specific Bayesian Network illustrating key fac...
You're in trouble here.  Try typing  <return>  to proceed.
If that doesn't work, type  X <return>  to quit.


/home/bryce/repositories/Bayesian-network/article.tex:936: LaTeX Error: \begin{document} ended by \end{figure}.

See the LaTeX manual or LaTeX Companion for explanation.
Type  H <return>  for immediate help.
 ...                                              
                                                  
l.936 \end{figure}
                  
Your command was ignored.
Type  I <command> <return>  to replace it with another command,
or  <return>  to continue without it.

/home/bryce/repositories/Bayesian-network/article.tex:943: Undefined control sequence.
<write> ...Reference `fig:robyn' on page \thepage 
                                                  \space undefined\on@line .
l.943 ... the expert panel. Figure \ref{fig:robyn}
                                                   and \ref{fig:marcel} high...
The control sequence at the end of the top line
of your error message was never \def'ed. If you have
misspelled it (e.g., `\hobx'), type `I' and the correct
spelling (e.g., `I\hbox'). Otherwise just continue,
and I'll forget about whatever was undefined.


LaTeX Warning: Reference `fig:robyn' on page  undefined on input line 943.

/home/bryce/repositories/Bayesian-network/article.tex:943: Undefined control sequence.
<write> ...eference `fig:marcel' on page \thepage 
                                                  \space undefined\on@line .
l.943 ...gure \ref{fig:robyn} and \ref{fig:marcel}
                                                   highlight the unique envi...
The control sequence at the end of the top line
of your error message was never \def'ed. If you have
misspelled it (e.g., `\hobx'), type `I' and the correct
spelling (e.g., `I\hbox'). Otherwise just continue,
and I'll forget about whatever was undefined.


LaTeX Warning: Reference `fig:marcel' on page  undefined on input line 943.

/home/bryce/repositories/Bayesian-network/article.tex:945: Undefined control sequence.
<write> ...Reference `fig:robyn' on page \thepage 
                                                  \space undefined\on@line .
l.945 ...n the two BNs (see Figure~\ref{fig:robyn}
                                                   and~\ref{fig:marcel}) lie...
The control sequence at the end of the top line
of your error message was never \def'ed. If you have
misspelled it (e.g., `\hobx'), type `I' and the correct
spelling (e.g., `I\hbox'). Otherwise just continue,
and I'll forget about whatever was undefined.


LaTeX Warning: Reference `fig:robyn' on page  undefined on input line 945.

/home/bryce/repositories/Bayesian-network/article.tex:945: Undefined control sequence.
<write> ...eference `fig:marcel' on page \thepage 
                                                  \space undefined\on@line .
l.945 ...gure~\ref{fig:robyn} and~\ref{fig:marcel}
                                                  ) lies in vineyard floor m...
The control sequence at the end of the top line
of your error message was never \def'ed. If you have
misspelled it (e.g., `\hobx'), type `I' and the correct
spelling (e.g., `I\hbox'). Otherwise just continue,
and I'll forget about whatever was undefined.


LaTeX Warning: Reference `fig:marcel' on page  undefined on input line 945.

/home/bryce/repositories/Bayesian-network/article.tex:1059: Undefined control sequence.
l.1059 \section
               {Discussion}
The control sequence at the end of the top line
of your error message was never \def'ed. If you have
misspelled it (e.g., `\hobx'), type `I' and the correct
spelling (e.g., `I\hbox'). Otherwise just continue,
and I'll forget about whatever was undefined.

/home/bryce/repositories/Bayesian-network/article.tex:1061: Undefined control sequence.
<write> ...: Citation `\@citeb ' on page \thepage 
                                                  \space undefined\on@line .
l.1061 ...{chawlaWaterProductivityAgriculture2023}
                                                  , essential for both the h...
The control sequence at the end of the top line
of your error message was never \def'ed. If you have
misspelled it (e.g., `\hobx'), type `I' and the correct
spelling (e.g., `I\hbox'). Otherwise just continue,
and I'll forget about whatever was undefined.


LaTeX Warning: Citation `chawlaWaterProductivityAgriculture2023' on page  undefined on input line 1061.

/home/bryce/repositories/Bayesian-network/article.tex:1061: Undefined control sequence.
<write> ...: Citation `\@citeb ' on page \thepage 
                                                  \space undefined\on@line .
l.1061 ...ureauofstatisticsWaterUseAustralian2021}
                                                  .
The control sequence at the end of the top line
of your error message was never \def'ed. If you have
misspelled it (e.g., `\hobx'), type `I' and the correct
spelling (e.g., `I\hbox'). Otherwise just continue,
and I'll forget about whatever was undefined.


LaTeX Warning: Citation `australianbureauofstatisticsWaterUseAustralian2021' on page  undefined on input line 1061.

/home/bryce/repositories/Bayesian-network/article.tex:1063: Undefined control sequence.
<write> ...: Citation `\@citeb ' on page \thepage 
                                                  \space undefined\on@line .
l.1063 ...isease~\cite{boisClimateVsGrapevine2017}
                                                  . Of great concern to clim...
The control sequence at the end of the top line
of your error message was never \def'ed. If you have
misspelled it (e.g., `\hobx'), type `I' and the correct
spelling (e.g., `I\hbox'). Otherwise just continue,
and I'll forget about whatever was undefined.


LaTeX Warning: Citation `boisClimateVsGrapevine2017' on page  undefined on input line 1063.

/home/bryce/repositories/Bayesian-network/article.tex:1063: Undefined control sequence.
<write> ...: Citation `\@citeb ' on page \thepage 
                                                  \space undefined\on@line .
l.1063 ...tion2021,sharmaChapterImpactClimate2014}
                                                  . In a more general sense ...
The control sequence at the end of the top line
of your error message was never \def'ed. If you have
misspelled it (e.g., `\hobx'), type `I' and the correct
spelling (e.g., `I\hbox'). Otherwise just continue,
and I'll forget about whatever was undefined.


LaTeX Warning: Citation `agostaRegionalClimateVariability2012' on page  undefined on input line 1063.

/home/bryce/repositories/Bayesian-network/article.tex:1063: Undefined control sequence.
<write> ...: Citation `\@citeb ' on page \thepage 
                                                  \space undefined\on@line .
l.1063 ...tion2021,sharmaChapterImpactClimate2014}
                                                  . In a more general sense ...
The control sequence at the end of the top line
of your error message was never \def'ed. If you have
misspelled it (e.g., `\hobx'), type `I' and the correct
spelling (e.g., `I\hbox'). Otherwise just continue,
and I'll forget about whatever was undefined.


LaTeX Warning: Citation `alsafadiFutureScenariosBioclimatic2023' on page  undefined on input line 1063.

/home/bryce/repositories/Bayesian-network/article.tex:1063: Undefined control sequence.
<write> ...: Citation `\@citeb ' on page \thepage 
                                                  \space undefined\on@line .
l.1063 ...tion2021,sharmaChapterImpactClimate2014}
                                                  . In a more general sense ...
The control sequence at the end of the top line
of your error message was never \def'ed. If you have
misspelled it (e.g., `\hobx'), type `I' and the correct
spelling (e.g., `I\hbox'). Otherwise just continue,
and I'll forget about whatever was undefined.


LaTeX Warning: Citation `barriguinhaVineyardYieldEstimation2021' on page  undefined on input line 1063.

/home/bryce/repositories/Bayesian-network/article.tex:1063: Undefined control sequence.
<write> ...: Citation `\@citeb ' on page \thepage 
                                                  \space undefined\on@line .
l.1063 ...tion2021,sharmaChapterImpactClimate2014}
                                                  . In a more general sense ...
The control sequence at the end of the top line
of your error message was never \def'ed. If you have
misspelled it (e.g., `\hobx'), type `I' and the correct
spelling (e.g., `I\hbox'). Otherwise just continue,
and I'll forget about whatever was undefined.


LaTeX Warning: Citation `sharmaChapterImpactClimate2014' on page  undefined on input line 1063.

/home/bryce/repositories/Bayesian-network/article.tex:1063: Undefined control sequence.
<write> ...: Citation `\@citeb ' on page \thepage 
                                                  \space undefined\on@line .
l.1063 ...ation2021,antonComparativeStudyRisk2012}
                                                  , erosion~\cite{biddoccuEv...
The control sequence at the end of the top line
of your error message was never \def'ed. If you have
misspelled it (e.g., `\hobx'), type `I' and the correct
spelling (e.g., `I\hbox'). Otherwise just continue,
and I'll forget about whatever was undefined.


LaTeX Warning: Citation `barriguinhaVineyardYieldEstimation2021' on page  undefined on input line 1063.

/home/bryce/repositories/Bayesian-network/article.tex:1063: Undefined control sequence.
<write> ...: Citation `\@citeb ' on page \thepage 
                                                  \space undefined\on@line .
l.1063 ...ation2021,antonComparativeStudyRisk2012}
                                                  , erosion~\cite{biddoccuEv...
The control sequence at the end of the top line
of your error message was never \def'ed. If you have
misspelled it (e.g., `\hobx'), type `I' and the correct
spelling (e.g., `I\hbox'). Otherwise just continue,
and I'll forget about whatever was undefined.


LaTeX Warning: Citation `antonComparativeStudyRisk2012' on page  undefined on input line 1063.

/home/bryce/repositories/Bayesian-network/article.tex:1063: Undefined control sequence.
<write> ...: Citation `\@citeb ' on page \thepage 
                                                  \space undefined\on@line .
l.1063 ...rosion2020,doi:10.1177/0309133319861833}
                                                  , and are further determin...
The control sequence at the end of the top line
of your error message was never \def'ed. If you have
misspelled it (e.g., `\hobx'), type `I' and the correct
spelling (e.g., `I\hbox'). Otherwise just continue,
and I'll forget about whatever was undefined.


LaTeX Warning: Citation `biddoccuEvaluationSoilErosion2020' on page  undefined on input line 1063.

/home/bryce/repositories/Bayesian-network/article.tex:1063: Undefined control sequence.
<write> ...: Citation `\@citeb ' on page \thepage 
                                                  \space undefined\on@line .
l.1063 ...rosion2020,doi:10.1177/0309133319861833}
                                                  , and are further determin...
The control sequence at the end of the top line
of your error message was never \def'ed. If you have
misspelled it (e.g., `\hobx'), type `I' and the correct
spelling (e.g., `I\hbox'). Otherwise just continue,
and I'll forget about whatever was undefined.


LaTeX Warning: Citation `doi:10.1177/0309133319861833' on page  undefined on input line 1063.

/home/bryce/repositories/Bayesian-network/article.tex:1063: Undefined control sequence.
<write> ...: Citation `\@citeb ' on page \thepage 
                                                  \space undefined\on@line .
l.1063 ...22, petriashviliImpactClimateChange2023}
                                                  . The BN models captured t...
The control sequence at the end of the top line
of your error message was never \def'ed. If you have
misspelled it (e.g., `\hobx'), type `I' and the correct
spelling (e.g., `I\hbox'). Otherwise just continue,
and I'll forget about whatever was undefined.


LaTeX Warning: Citation `topferGrapeVarietiesAre2022' on page  undefined on input line 1063.

/home/bryce/repositories/Bayesian-network/article.tex:1063: Undefined control sequence.
<write> ...: Citation `\@citeb ' on page \thepage 
                                                  \space undefined\on@line .
l.1063 ...22, petriashviliImpactClimateChange2023}
                                                  . The BN models captured t...
The control sequence at the end of the top line
of your error message was never \def'ed. If you have
misspelled it (e.g., `\hobx'), type `I' and the correct
spelling (e.g., `I\hbox'). Otherwise just continue,
and I'll forget about whatever was undefined.


LaTeX Warning: Citation `petriashviliImpactClimateChange2023' on page  undefined on input line 1063.

/home/bryce/repositories/Bayesian-network/article.tex:1065: Undefined control sequence.
<write> ...Reference `fig:robyn' on page \thepage 
                                                  \space undefined\on@line .
l.1065 ...nd tractors (see Figures~\ref{fig:robyn}
                                                   and~\ref{fig:marcel}). A ...
The control sequence at the end of the top line
of your error message was never \def'ed. If you have
misspelled it (e.g., `\hobx'), type `I' and the correct
spelling (e.g., `I\hbox'). Otherwise just continue,
and I'll forget about whatever was undefined.


LaTeX Warning: Reference `fig:robyn' on page  undefined on input line 1065.

/home/bryce/repositories/Bayesian-network/article.tex:1065: Undefined control sequence.
<write> ...eference `fig:marcel' on page \thepage 
                                                  \space undefined\on@line .
l.1065 ...res~\ref{fig:robyn} and~\ref{fig:marcel}
                                                  ). A major concern from th...
The control sequence at the end of the top line
of your error message was never \def'ed. If you have
misspelled it (e.g., `\hobx'), type `I' and the correct
spelling (e.g., `I\hbox'). Otherwise just continue,
and I'll forget about whatever was undefined.


LaTeX Warning: Reference `fig:marcel' on page  undefined on input line 1065.

/home/bryce/repositories/Bayesian-network/article.tex:1065: Undefined control sequence.
<write> ...: Citation `\@citeb ' on page \thepage 
                                                  \space undefined\on@line .
l.1065 ...es-lopezAssessmentPesticideResidues2021}
                                                  . The model emphasised the...
The control sequence at the end of the top line
of your error message was never \def'ed. If you have
misspelled it (e.g., `\hobx'), type `I' and the correct
spelling (e.g., `I\hbox'). Otherwise just continue,
and I'll forget about whatever was undefined.


LaTeX Warning: Citation `alonsogonzalezUnveilingTerroirEvaluating2024' on page  undefined on input line 1065.

/home/bryce/repositories/Bayesian-network/article.tex:1065: Undefined control sequence.
<write> ...: Citation `\@citeb ' on page \thepage 
                                                  \space undefined\on@line .
l.1065 ...es-lopezAssessmentPesticideResidues2021}
                                                  . The model emphasised the...
The control sequence at the end of the top line
of your error message was never \def'ed. If you have
misspelled it (e.g., `\hobx'), type `I' and the correct
spelling (e.g., `I\hbox'). Otherwise just continue,
and I'll forget about whatever was undefined.


LaTeX Warning: Citation `manjarres-lopezAssessmentPesticideResidues2021' on page  undefined on input line 1065.

/home/bryce/repositories/Bayesian-network/article.tex:1065: Undefined control sequence.
<write> ...: Citation `\@citeb ' on page \thepage 
                                                  \space undefined\on@line .
l.1065 ...te{baianoOverviewSustainabilityWine2021}
                                                  .
The control sequence at the end of the top line
of your error message was never \def'ed. If you have
misspelled it (e.g., `\hobx'), type `I' and the correct
spelling (e.g., `I\hbox'). Otherwise just continue,
and I'll forget about whatever was undefined.


LaTeX Warning: Citation `baianoOverviewSustainabilityWine2021' on page  undefined on input line 1065.

/home/bryce/repositories/Bayesian-network/article.tex:1067: Undefined control sequence.
<write> ...: Citation `\@citeb ' on page \thepage 
                                                  \space undefined\on@line .
l.1067 ...ite{olatinwoChapterWeatherbasedPest2014}
                                                  . Furthermore, literature ...
The control sequence at the end of the top line
of your error message was never \def'ed. If you have
misspelled it (e.g., `\hobx'), type `I' and the correct
spelling (e.g., `I\hbox'). Otherwise just continue,
and I'll forget about whatever was undefined.


LaTeX Warning: Citation `olatinwoChapterWeatherbasedPest2014' on page  undefined on input line 1067.

/home/bryce/repositories/Bayesian-network/article.tex:1067: Undefined control sequence.
<write> ...: Citation `\@citeb ' on page \thepage 
                                                  \space undefined\on@line .
l.1067 ...e2022a,laurentLocalInfluenceClimate2022}
                                                  . Tools such as Bayesian n...
The control sequence at the end of the top line
of your error message was never \def'ed. If you have
misspelled it (e.g., `\hobx'), type `I' and the correct
spelling (e.g., `I\hbox'). Otherwise just continue,
and I'll forget about whatever was undefined.


LaTeX Warning: Citation `naigeonDATADecisionmakingViticulture2023' on page  undefined on input line 1067.

/home/bryce/repositories/Bayesian-network/article.tex:1067: Undefined control sequence.
<write> ...: Citation `\@citeb ' on page \thepage 
                                                  \space undefined\on@line .
l.1067 ...e2022a,laurentLocalInfluenceClimate2022}
                                                  . Tools such as Bayesian n...
The control sequence at the end of the top line
of your error message was never \def'ed. If you have
misspelled it (e.g., `\hobx'), type `I' and the correct
spelling (e.g., `I\hbox'). Otherwise just continue,
and I'll forget about whatever was undefined.


LaTeX Warning: Citation `stefaniniBayesianCausalModel2022' on page  undefined on input line 1067.

/home/bryce/repositories/Bayesian-network/article.tex:1067: Undefined control sequence.
<write> ...: Citation `\@citeb ' on page \thepage 
                                                  \space undefined\on@line .
l.1067 ...e2022a,laurentLocalInfluenceClimate2022}
                                                  . Tools such as Bayesian n...
The control sequence at the end of the top line
of your error message was never \def'ed. If you have
misspelled it (e.g., `\hobx'), type `I' and the correct
spelling (e.g., `I\hbox'). Otherwise just continue,
and I'll forget about whatever was undefined.


LaTeX Warning: Citation `fincoCombiningPrecisionViticulture2022a' on page  undefined on input line 1067.

/home/bryce/repositories/Bayesian-network/article.tex:1067: Undefined control sequence.
<write> ...: Citation `\@citeb ' on page \thepage 
                                                  \space undefined\on@line .
l.1067 ...e2022a,laurentLocalInfluenceClimate2022}
                                                  . Tools such as Bayesian n...
The control sequence at the end of the top line
of your error message was never \def'ed. If you have
misspelled it (e.g., `\hobx'), type `I' and the correct
spelling (e.g., `I\hbox'). Otherwise just continue,
and I'll forget about whatever was undefined.


LaTeX Warning: Citation `laurentLocalInfluenceClimate2022' on page  undefined on input line 1067.

/home/bryce/repositories/Bayesian-network/article.tex:1067: Undefined control sequence.
<write> ...: Citation `\@citeb ' on page \thepage 
                                                  \space undefined\on@line .
l.1067 ...rmonaUseParticipatoryObjectOriented2011}
                                                   or vineyard placement \ci...
The control sequence at the end of the top line
of your error message was never \def'ed. If you have
misspelled it (e.g., `\hobx'), type `I' and the correct
spelling (e.g., `I\hbox'). Otherwise just continue,
and I'll forget about whatever was undefined.


LaTeX Warning: Citation `carmonaUseParticipatoryObjectOriented2011' on page  undefined on input line 1067.

/home/bryce/repositories/Bayesian-network/article.tex:1067: Undefined control sequence.
<write> ...: Citation `\@citeb ' on page \thepage 
                                                  \space undefined\on@line .
l.1067 ...nt \cite{abbalDecisionSupportSystem2016}
                                                  . However, the combination...
The control sequence at the end of the top line
of your error message was never \def'ed. If you have
misspelled it (e.g., `\hobx'), type `I' and the correct
spelling (e.g., `I\hbox'). Otherwise just continue,
and I'll forget about whatever was undefined.


LaTeX Warning: Citation `abbalDecisionSupportSystem2016' on page  undefined on input line 1067.

/home/bryce/repositories/Bayesian-network/article.tex:1067: Undefined control sequence.
l.1067 ...ew novel sustainable practices \autocite
                                                  {mayfieldDesigningExpertle...
The control sequence at the end of the top line
of your error message was never \def'ed. If you have
misspelled it (e.g., `\hobx'), type `I' and the correct
spelling (e.g., `I\hbox'). Otherwise just continue,
and I'll forget about whatever was undefined.

/home/bryce/repositories/Bayesian-network/article.tex:1067: Undefined control sequence.
<write> ...: Citation `\@citeb ' on page \thepage 
                                                  \space undefined\on@line .
l.1067 ...e{dumbrellComparingAustralianPublic2024}
                                                  .
The control sequence at the end of the top line
of your error message was never \def'ed. If you have
misspelled it (e.g., `\hobx'), type `I' and the correct
spelling (e.g., `I\hbox'). Otherwise just continue,
and I'll forget about whatever was undefined.


LaTeX Warning: Citation `dumbrellComparingAustralianPublic2024' on page  undefined on input line 1067.

/home/bryce/repositories/Bayesian-network/article.tex:1069: Undefined control sequence.
<write> ...: Citation `\@citeb ' on page \thepage 
                                                  \space undefined\on@line .
l.1069 ...,korbBayesianArtificialIntelligence2011}
                                                  .
The control sequence at the end of the top line
of your error message was never \def'ed. If you have
misspelled it (e.g., `\hobx'), type `I' and the correct
spelling (e.g., `I\hbox'). Otherwise just continue,
and I'll forget about whatever was undefined.


LaTeX Warning: Citation `kimphuctranMachineLearningProbabilistic2022' on page  undefined on input line 1069.

/home/bryce/repositories/Bayesian-network/article.tex:1069: Undefined control sequence.
<write> ...: Citation `\@citeb ' on page \thepage 
                                                  \space undefined\on@line .
l.1069 ...,korbBayesianArtificialIntelligence2011}
                                                  .
The control sequence at the end of the top line
of your error message was never \def'ed. If you have
misspelled it (e.g., `\hobx'), type `I' and the correct
spelling (e.g., `I\hbox'). Otherwise just continue,
and I'll forget about whatever was undefined.


LaTeX Warning: Citation `kollerObjectOrientedBayesianNetworks1997' on page  undefined on input line 1069.

/home/bryce/repositories/Bayesian-network/article.tex:1069: Undefined control sequence.
<write> ...: Citation `\@citeb ' on page \thepage 
                                                  \space undefined\on@line .
l.1069 ...,korbBayesianArtificialIntelligence2011}
                                                  .
The control sequence at the end of the top line
of your error message was never \def'ed. If you have
misspelled it (e.g., `\hobx'), type `I' and the correct
spelling (e.g., `I\hbox'). Otherwise just continue,
and I'll forget about whatever was undefined.


LaTeX Warning: Citation `korbBayesianArtificialIntelligence2011' on page  undefined on input line 1069.

/home/bryce/repositories/Bayesian-network/article.tex:1071: Undefined control sequence.
<write> ...: Citation `\@citeb ' on page \thepage 
                                                  \space undefined\on@line .
l.1071 ...aigeonDATADecisionmakingViticulture2023}
                                                  . Additionally, the need t...
The control sequence at the end of the top line
of your error message was never \def'ed. If you have
misspelled it (e.g., `\hobx'), type `I' and the correct
spelling (e.g., `I\hbox'). Otherwise just continue,
and I'll forget about whatever was undefined.


LaTeX Warning: Citation `fragaClimateChangeNew2020' on page  undefined on input line 1071.

/home/bryce/repositories/Bayesian-network/article.tex:1071: Undefined control sequence.
<write> ...: Citation `\@citeb ' on page \thepage 
                                                  \space undefined\on@line .
l.1071 ...aigeonDATADecisionmakingViticulture2023}
                                                  . Additionally, the need t...
The control sequence at the end of the top line
of your error message was never \def'ed. If you have
misspelled it (e.g., `\hobx'), type `I' and the correct
spelling (e.g., `I\hbox'). Otherwise just continue,
and I'll forget about whatever was undefined.


LaTeX Warning: Citation `tofaloClimateChangeWine2023' on page  undefined on input line 1071.

/home/bryce/repositories/Bayesian-network/article.tex:1071: Undefined control sequence.
<write> ...: Citation `\@citeb ' on page \thepage 
                                                  \space undefined\on@line .
l.1071 ...aigeonDATADecisionmakingViticulture2023}
                                                  . Additionally, the need t...
The control sequence at the end of the top line
of your error message was never \def'ed. If you have
misspelled it (e.g., `\hobx'), type `I' and the correct
spelling (e.g., `I\hbox'). Otherwise just continue,
and I'll forget about whatever was undefined.


LaTeX Warning: Citation `naigeonDATADecisionmakingViticulture2023' on page  undefined on input line 1071.

/home/bryce/repositories/Bayesian-network/article.tex:1071: Undefined control sequence.
<write> ...: Citation `\@citeb ' on page \thepage 
                                                  \space undefined\on@line .
l.1071 ...hangEstimatingEconomicEnvironmental2019}
                                                   and conversely how climat...
The control sequence at the end of the top line
of your error message was never \def'ed. If you have
misspelled it (e.g., `\hobx'), type `I' and the correct
spelling (e.g., `I\hbox'). Otherwise just continue,
and I'll forget about whatever was undefined.


LaTeX Warning: Citation `pilafidisAssessingEnergyUse2023' on page  undefined on input line 1071.

/home/bryce/repositories/Bayesian-network/article.tex:1071: Undefined control sequence.
<write> ...: Citation `\@citeb ' on page \thepage 
                                                  \space undefined\on@line .
l.1071 ...hangEstimatingEconomicEnvironmental2019}
                                                   and conversely how climat...
The control sequence at the end of the top line
of your error message was never \def'ed. If you have
misspelled it (e.g., `\hobx'), type `I' and the correct
spelling (e.g., `I\hbox'). Otherwise just continue,
and I'll forget about whatever was undefined.


LaTeX Warning: Citation `cechPesticideUseAssociated2022' on page  undefined on input line 1071.

/home/bryce/repositories/Bayesian-network/article.tex:1071: Undefined control sequence.
<write> ...: Citation `\@citeb ' on page \thepage 
                                                  \space undefined\on@line .
l.1071 ...hangEstimatingEconomicEnvironmental2019}
                                                   and conversely how climat...
The control sequence at the end of the top line
of your error message was never \def'ed. If you have
misspelled it (e.g., `\hobx'), type `I' and the correct
spelling (e.g., `I\hbox'). Otherwise just continue,
and I'll forget about whatever was undefined.


LaTeX Warning: Citation `zhangEstimatingEconomicEnvironmental2019' on page  undefined on input line 1071.

/home/bryce/repositories/Bayesian-network/article.tex:1071: Undefined control sequence.
<write> ...: Citation `\@citeb ' on page \thepage 
                                                  \space undefined\on@line .
l.1071 ...ature2023,atakClimateChangeAdaptive2024}
                                                  , suggesting future resear...
The control sequence at the end of the top line
of your error message was never \def'ed. If you have
misspelled it (e.g., `\hobx'), type `I' and the correct
spelling (e.g., `I\hbox'). Otherwise just continue,
and I'll forget about whatever was undefined.


LaTeX Warning: Citation `barnaEditorialImprovingSustainability2023' on page  undefined on input line 1071.

/home/bryce/repositories/Bayesian-network/article.tex:1071: Undefined control sequence.
<write> ...: Citation `\@citeb ' on page \thepage 
                                                  \space undefined\on@line .
l.1071 ...ature2023,atakClimateChangeAdaptive2024}
                                                  , suggesting future resear...
The control sequence at the end of the top line
of your error message was never \def'ed. If you have
misspelled it (e.g., `\hobx'), type `I' and the correct
spelling (e.g., `I\hbox'). Otherwise just continue,
and I'll forget about whatever was undefined.


LaTeX Warning: Citation `costaRoleSoilTemperature2023' on page  undefined on input line 1071.

/home/bryce/repositories/Bayesian-network/article.tex:1071: Undefined control sequence.
<write> ...: Citation `\@citeb ' on page \thepage 
                                                  \space undefined\on@line .
l.1071 ...ature2023,atakClimateChangeAdaptive2024}
                                                  , suggesting future resear...
The control sequence at the end of the top line
of your error message was never \def'ed. If you have
misspelled it (e.g., `\hobx'), type `I' and the correct
spelling (e.g., `I\hbox'). Otherwise just continue,
and I'll forget about whatever was undefined.


LaTeX Warning: Citation `atakClimateChangeAdaptive2024' on page  undefined on input line 1071.

/home/bryce/repositories/Bayesian-network/article.tex:1071: Undefined control sequence.
<write> ...: Citation `\@citeb ' on page \thepage 
                                                  \space undefined\on@line .
l.1071 ...ite{pereiraViticultureClimateChange2023}
                                                  . This integrated perspect...
The control sequence at the end of the top line
of your error message was never \def'ed. If you have
misspelled it (e.g., `\hobx'), type `I' and the correct
spelling (e.g., `I\hbox'). Otherwise just continue,
and I'll forget about whatever was undefined.


LaTeX Warning: Citation `pereiraViticultureClimateChange2023' on page  undefined on input line 1071.

/home/bryce/repositories/Bayesian-network/article.tex:1077: Undefined control sequence.
l.1077 \section
               {Conclusion}
The control sequence at the end of the top line
of your error message was never \def'ed. If you have
misspelled it (e.g., `\hobx'), type `I' and the correct
spelling (e.g., `I\hbox'). Otherwise just continue,
and I'll forget about whatever was undefined.

/home/bryce/repositories/Bayesian-network/article.tex:1087: Undefined control sequence.
l.1087 \section
               {References}
The control sequence at the end of the top line
of your error message was never \def'ed. If you have
misspelled it (e.g., `\hobx'), type `I' and the correct
spelling (e.g., `I\hbox'). Otherwise just continue,
and I'll forget about whatever was undefined.

No file article.bbl.

/home/bryce/repositories/Bayesian-network/article.tex:1092: LaTeX Error: The font size command \normalsize is not defined:
               there is probably something wrong with the class file.

See the LaTeX manual or LaTeX Companion for explanation.
Type  H <return>  for immediate help.
 ...                                              
                                                  
l.1092 \end{document}
                     
Your command was ignored.
Type  I <command> <return>  to replace it with another command,
or  <return>  to continue without it.

[1{/var/lib/texmf/fonts/map/pdftex/updmap/pdftex.map}
/home/bryce/repositories/Bayesian-network/article.tex:1092: Undefined control sequence.
<write> \newlabel{bayesformula}{{1}{\thepage 
                                             }}
l.1092 \end{document}
                     
The control sequence at the end of the top line
of your error message was never \def'ed. If you have
misspelled it (e.g., `\hobx'), type `I' and the correct
spelling (e.g., `I\hbox'). Otherwise just continue,
and I'll forget about whatever was undefined.

/home/bryce/repositories/Bayesian-network/article.tex:1092: Undefined control sequence.
<write> \newlabel{tab:definitions}{{}{\thepage 
                                               }}
l.1092 \end{document}
                     
The control sequence at the end of the top line
of your error message was never \def'ed. If you have
misspelled it (e.g., `\hobx'), type `I' and the correct
spelling (e.g., `I\hbox'). Otherwise just continue,
and I'll forget about whatever was undefined.

/home/bryce/repositories/Bayesian-network/article.tex:1092: Undefined control sequence.
<write> \newlabel{fig:generalBN}{{}{\thepage 
                                             }}
l.1092 \end{document}
                     
The control sequence at the end of the top line
of your error message was never \def'ed. If you have
misspelled it (e.g., `\hobx'), type `I' and the correct
spelling (e.g., `I\hbox'). Otherwise just continue,
and I'll forget about whatever was undefined.

/home/bryce/repositories/Bayesian-network/article.tex:1092: Undefined control sequence.
<write> \newlabel{tab:lexi}{{}{\thepage 
                                        }}
l.1092 \end{document}
                     
The control sequence at the end of the top line
of your error message was never \def'ed. If you have
misspelled it (e.g., `\hobx'), type `I' and the correct
spelling (e.g., `I\hbox'). Otherwise just continue,
and I'll forget about whatever was undefined.

/home/bryce/repositories/Bayesian-network/article.tex:1092: Undefined control sequence.
<write> \newlabel{fig:lexi}{{}{\thepage 
                                        }}
l.1092 \end{document}
                     
The control sequence at the end of the top line
of your error message was never \def'ed. If you have
misspelled it (e.g., `\hobx'), type `I' and the correct
spelling (e.g., `I\hbox'). Otherwise just continue,
and I'll forget about whatever was undefined.

/home/bryce/repositories/Bayesian-network/article.tex:1092: Undefined control sequence.
<write> \newlabel{fig:robyn}{{}{\thepage 
                                         }}
l.1092 \end{document}
                     
The control sequence at the end of the top line
of your error message was never \def'ed. If you have
misspelled it (e.g., `\hobx'), type `I' and the correct
spelling (e.g., `I\hbox'). Otherwise just continue,
and I'll forget about whatever was undefined.

/home/bryce/repositories/Bayesian-network/article.tex:1092: Undefined control sequence.
<write> \newlabel{fig:marcel}{{}{\thepage 
                                          }}
l.1092 \end{document}
                     
The control sequence at the end of the top line
of your error message was never \def'ed. If you have
misspelled it (e.g., `\hobx'), type `I' and the correct
spelling (e.g., `I\hbox'). Otherwise just continue,
and I'll forget about whatever was undefined.

] (./article.aux)

LaTeX Warning: There were undefined references.


LaTeX Warning: Label(s) may have changed. Rerun to get cross-references right.

 ) 
Here is how much of TeX's memory you used:
 218 strings out of 478287
 5367 string characters out of 5849289
 495102 words of memory out of 5000000
 18501 multiletter control sequences out of 15000+600000
 469735 words of font info for 30 fonts, out of 8000000 for 9000
 1141 hyphenation exceptions out of 8191
 28i,8n,34p,2492b,169s stack positions out of 5000i,500n,10000p,200000b,80000s
</usr/share/texlive/texmf-dist/fonts/type1/public/amsfonts/cm/cmbx10.pfb></usr/share/texlive/texmf-dist/fonts/type1/public/amsfonts/cm/cmex10.pfb></usr/share/texlive/texmf-dist/fonts/type1/public/amsfonts/cm/cmmi10.pfb></usr/share/texlive/texmf-dist/fonts/type1/public/amsfonts/cm/cmmi7.pfb></usr/share/texlive/texmf-dist/fonts/type1/public/amsfonts/cm/cmr10.pfb></usr/share/texlive/texmf-dist/fonts/type1/public/amsfonts/cm/cmr7.pfb></usr/share/texlive/texmf-dist/fonts/type1/public/amsfonts/cm/cmsy10.pfb></usr/share/texlive/texmf-dist/fonts/type1/public/amsfonts/cm/cmtt10.pfb>
Output written on article.pdf (1 page, 133852 bytes).
PDF statistics:
 48 PDF objects out of 1000 (max. 8388607)
 28 compressed objects within 1 object stream
 0 named destinations out of 1000 (max. 500000)
 1 words of extra memory for PDF output out of 10000 (max. 10000000)

